c:\users\hanfangxu\documents\github\phobos-handama\devbuild\phobos.dll
c:\users\hanfangxu\documents\github\phobos-handama\devbuild\intdir\phobos.pdb
c:\users\hanfangxu\documents\github\phobos-handama\devbuild\intdir\src\commands\commands.obj
c:\users\hanfangxu\documents\github\phobos-handama\devbuild\intdir\src\commands\dummy.obj
c:\users\hanfangxu\documents\github\phobos-handama\devbuild\intdir\src\ext\swtype\hooks.obj
c:\users\hanfangxu\documents\github\phobos-handama\devbuild\intdir\src\ext\swtype\body.obj
c:\users\hanfangxu\documents\github\phobos-handama\devbuild\intdir\src\ext\swtype\firesuperweapon.obj
c:\users\hanfangxu\documents\github\phobos-handama\devbuild\intdir\src\ext\swtype\swhelpers.obj
c:\users\hanfangxu\documents\github\phobos-handama\devbuild\intdir\src\misc\hooks.ui.obj
c:\users\hanfangxu\documents\github\phobos-handama\devbuild\intdir\src\misc\textinput.obj
c:\users\hanfangxu\documents\github\phobos-handama\devbuild\intdir\src\misc\hooks.laserdraw.obj
c:\users\hanfangxu\documents\github\phobos-handama\devbuild\intdir\src\misc\hooks.iniclass.obj
c:\users\hanfangxu\documents\github\phobos-handama\devbuild\intdir\src\misc\phobostooltip.obj
c:\users\hanfangxu\documents\github\phobos-handama\devbuild\intdir\src\misc\selection.obj
c:\users\hanfangxu\documents\github\phobos-handama\devbuild\intdir\src\misc\retrydialog.obj
c:\users\hanfangxu\documents\github\phobos-handama\devbuild\intdir\src\misc\hooks.savegame.obj
c:\users\hanfangxu\documents\github\phobos-handama\devbuild\intdir\src\misc\hooks.blowfish.obj
c:\users\hanfangxu\documents\github\phobos-handama\devbuild\intdir\src\misc\hooks.pcx.obj
c:\users\hanfangxu\documents\github\phobos-handama\devbuild\intdir\src\misc\hooks.bugfixes.obj
c:\users\hanfangxu\documents\github\phobos-handama\devbuild\intdir\src\misc\capturemanager.obj
c:\users\hanfangxu\documents\github\phobos-handama\devbuild\intdir\src\misc\hooks.image.obj
c:\users\hanfangxu\documents\github\phobos-handama\devbuild\intdir\src\misc\hooks.timers.obj
c:\users\hanfangxu\documents\github\phobos-handama\devbuild\intdir\src\misc\flyingstrings.obj
c:\users\hanfangxu\documents\github\phobos-handama\devbuild\intdir\src\misc\hooks.gamespeed.obj
c:\users\hanfangxu\documents\github\phobos-handama\devbuild\intdir\src\misc\blittersfix.obj
c:\users\hanfangxu\documents\github\phobos-handama\devbuild\intdir\src\misc\hooks.iniinheritance.obj
c:\users\hanfangxu\documents\github\phobos-handama\devbuild\intdir\src\misc\hooks.ares.obj
c:\users\hanfangxu\documents\github\phobos-handama\devbuild\intdir\src\ext\building\hooks.obj
c:\users\hanfangxu\documents\github\phobos-handama\devbuild\intdir\src\ext\building\body.obj
c:\users\hanfangxu\documents\github\phobos-handama\devbuild\intdir\src\ext\building\hooks.grinding.obj
c:\users\hanfangxu\documents\github\phobos-handama\devbuild\intdir\src\ext\building\hooks.refinery.obj
c:\users\hanfangxu\documents\github\phobos-handama\devbuild\intdir\src\ext\building\hooks.selling.obj
c:\users\hanfangxu\documents\github\phobos-handama\devbuild\intdir\src\ext\bullet\hooks.obj
c:\users\hanfangxu\documents\github\phobos-handama\devbuild\intdir\src\ext\bullet\body.obj
c:\users\hanfangxu\documents\github\phobos-handama\devbuild\intdir\src\ext\bullet\hooks.obstacles.obj
c:\users\hanfangxu\documents\github\phobos-handama\devbuild\intdir\src\ext\house\hooks.obj
c:\users\hanfangxu\documents\github\phobos-handama\devbuild\intdir\src\ext\house\body.obj
c:\users\hanfangxu\documents\github\phobos-handama\devbuild\intdir\src\ext\house\hooks.ainavalproduction.obj
c:\users\hanfangxu\documents\github\phobos-handama\devbuild\intdir\src\ext\script\body.obj
c:\users\hanfangxu\documents\github\phobos-handama\devbuild\intdir\src\ext\script\hooks.obj
c:\users\hanfangxu\documents\github\phobos-handama\devbuild\intdir\src\ext\script\mission.attack.obj
c:\users\hanfangxu\documents\github\phobos-handama\devbuild\intdir\src\ext\script\mission.move.obj
c:\users\hanfangxu\documents\github\phobos-handama\devbuild\intdir\src\ext\techno\hooks.obj
c:\users\hanfangxu\documents\github\phobos-handama\devbuild\intdir\src\ext\techno\hooks.vehicletobuildingmcfix.obj
c:\users\hanfangxu\documents\github\phobos-handama\devbuild\intdir\src\ext\techno\body.obj
c:\users\hanfangxu\documents\github\phobos-handama\devbuild\intdir\src\ext\techno\hooks.shield.obj
c:\users\hanfangxu\documents\github\phobos-handama\devbuild\intdir\src\ext\techno\hooks.grinding.obj
c:\users\hanfangxu\documents\github\phobos-handama\devbuild\intdir\src\ext\techno\hooks.disguise.obj
c:\users\hanfangxu\documents\github\phobos-handama\devbuild\intdir\src\ext\techno\hooks.deploysinto.obj
c:\users\hanfangxu\documents\github\phobos-handama\devbuild\intdir\src\ext\techno\hooks.transport.obj
c:\users\hanfangxu\documents\github\phobos-handama\devbuild\intdir\src\ext\techno\body.internal.obj
c:\users\hanfangxu\documents\github\phobos-handama\devbuild\intdir\src\ext\techno\hooks.firing.obj
c:\users\hanfangxu\documents\github\phobos-handama\devbuild\intdir\src\ext\techno\hooks.misc.obj
c:\users\hanfangxu\documents\github\phobos-handama\devbuild\intdir\src\ext\techno\weaponhelpers.obj
c:\users\hanfangxu\documents\github\phobos-handama\devbuild\intdir\src\ext\techno\body.update.obj
c:\users\hanfangxu\documents\github\phobos-handama\devbuild\intdir\src\ext\terraintype\hooks.obj
c:\users\hanfangxu\documents\github\phobos-handama\devbuild\intdir\src\ext\terraintype\body.obj
c:\users\hanfangxu\documents\github\phobos-handama\devbuild\intdir\src\ext\terraintype\hooks.passable.obj
c:\users\hanfangxu\documents\github\phobos-handama\devbuild\intdir\src\phobos.crt.obj
c:\users\hanfangxu\documents\github\phobos-handama\devbuild\intdir\src\phobos.obj
c:\users\hanfangxu\documents\github\phobos-handama\devbuild\intdir\src\phobos.ext.obj
c:\users\hanfangxu\documents\github\phobos-handama\devbuild\intdir\src\phobos.ini.obj
c:\users\hanfangxu\documents\github\phobos-handama\devbuild\intdir\src\commands\nextidleharvester.obj
c:\users\hanfangxu\documents\github\phobos-handama\devbuild\intdir\src\commands\objectinfo.obj
c:\users\hanfangxu\documents\github\phobos-handama\devbuild\intdir\src\misc\typeconverthelper.obj
c:\users\hanfangxu\documents\github\phobos-handama\devbuild\intdir\src\new\type\radtypeclass.obj
c:\users\hanfangxu\documents\github\phobos-handama\devbuild\intdir\src\new\type\digitaldisplaytypeclass.obj
c:\users\hanfangxu\documents\github\phobos-handama\devbuild\intdir\src\new\type\shieldtypeclass.obj
c:\users\hanfangxu\documents\github\phobos-handama\devbuild\intdir\src\ext\rules\body.obj
c:\users\hanfangxu\documents\github\phobos-handama\devbuild\intdir\src\ext\rules\hooks.iniclass.obj
c:\users\hanfangxu\documents\github\phobos-handama\devbuild\intdir\src\commands\quicksave.obj
c:\users\hanfangxu\documents\github\phobos-handama\devbuild\intdir\src\commands\framestep.obj
c:\users\hanfangxu\documents\github\phobos-handama\devbuild\intdir\src\commands\damagedisplay.obj
c:\users\hanfangxu\documents\github\phobos-handama\devbuild\intdir\src\commands\framebyframe.obj
c:\users\hanfangxu\documents\github\phobos-handama\devbuild\intdir\vc142.pdb
c:\users\hanfangxu\documents\github\phobos-handama\devbuild\intdir\src\ext\anim\hooks.obj
c:\users\hanfangxu\documents\github\phobos-handama\devbuild\intdir\src\ext\anim\hooks.animcreateunit.obj
c:\users\hanfangxu\documents\github\phobos-handama\devbuild\intdir\src\ext\anim\body.obj
c:\users\hanfangxu\documents\github\phobos-handama\devbuild\intdir\src\ext\bullet\trajectories\straighttrajectory.obj
c:\users\hanfangxu\documents\github\phobos-handama\devbuild\intdir\src\ext\bullet\trajectories\bombardtrajectory.obj
c:\users\hanfangxu\documents\github\phobos-handama\devbuild\intdir\src\ext\bullet\trajectories\phobostrajectory.obj
c:\users\hanfangxu\documents\github\phobos-handama\devbuild\intdir\src\ext\capturemanager\body.obj
c:\users\hanfangxu\documents\github\phobos-handama\devbuild\intdir\src\ext\capturemanager\hooks.obj
c:\users\hanfangxu\documents\github\phobos-handama\devbuild\intdir\src\ext\scenario\hooks.variables.obj
c:\users\hanfangxu\documents\github\phobos-handama\devbuild\intdir\src\ext\scenario\hooks.waypoints.obj
c:\users\hanfangxu\documents\github\phobos-handama\devbuild\intdir\src\ext\scenario\body.obj
c:\users\hanfangxu\documents\github\phobos-handama\devbuild\intdir\src\ext\sidebar\body.obj
c:\users\hanfangxu\documents\github\phobos-handama\devbuild\intdir\src\ext\sidebar\hooks.obj
c:\users\hanfangxu\documents\github\phobos-handama\devbuild\intdir\src\ext\surface\body.obj
c:\users\hanfangxu\documents\github\phobos-handama\devbuild\intdir\src\ext\taction\body.obj
c:\users\hanfangxu\documents\github\phobos-handama\devbuild\intdir\src\ext\taction\hooks.obj
c:\users\hanfangxu\documents\github\phobos-handama\devbuild\intdir\src\ext\team\hooks.obj
c:\users\hanfangxu\documents\github\phobos-handama\devbuild\intdir\src\ext\team\body.obj
c:\users\hanfangxu\documents\github\phobos-handama\devbuild\intdir\src\ext\tevent\hooks.obj
c:\users\hanfangxu\documents\github\phobos-handama\devbuild\intdir\src\ext\tevent\body.obj
c:\users\hanfangxu\documents\github\phobos-handama\devbuild\intdir\src\ext\trigger\hooks.obj
c:\users\hanfangxu\documents\github\phobos-handama\devbuild\intdir\src\new\entity\lasertrailclass.obj
c:\users\hanfangxu\documents\github\phobos-handama\devbuild\intdir\src\new\entity\shieldclass.obj
c:\users\hanfangxu\documents\github\phobos-handama\devbuild\intdir\src\new\type\lasertrailtypeclass.obj
c:\users\hanfangxu\documents\github\phobos-handama\devbuild\intdir\src\new\type\affiliated\interceptortypeclass.obj
c:\users\hanfangxu\documents\github\phobos-handama\devbuild\intdir\src\new\type\affiliated\passengerdeletiontypeclass.obj
c:\users\hanfangxu\documents\github\phobos-handama\devbuild\intdir\src\ext\aircraft\hooks.obj
c:\users\hanfangxu\documents\github\phobos-handama\devbuild\intdir\src\ext\aircraft\body.obj
c:\users\hanfangxu\documents\github\phobos-handama\devbuild\intdir\src\ext\animtype\body.obj
c:\users\hanfangxu\documents\github\phobos-handama\devbuild\intdir\src\ext\bullettype\body.obj
c:\users\hanfangxu\documents\github\phobos-handama\devbuild\intdir\src\ext\radsite\body.obj
c:\users\hanfangxu\documents\github\phobos-handama\devbuild\intdir\src\ext\radsite\hooks.obj
c:\users\hanfangxu\documents\github\phobos-handama\devbuild\intdir\src\ext\rules\hooks.image.obj
c:\users\hanfangxu\documents\github\phobos-handama\devbuild\intdir\src\ext\side\body.obj
c:\users\hanfangxu\documents\github\phobos-handama\devbuild\intdir\src\ext\side\hooks.sidebargdipositions.obj
c:\users\hanfangxu\documents\github\phobos-handama\devbuild\intdir\src\ext\side\hooks.obj
c:\users\hanfangxu\documents\github\phobos-handama\devbuild\intdir\src\ext\technotype\hooks.teleport.obj
c:\users\hanfangxu\documents\github\phobos-handama\devbuild\intdir\src\ext\technotype\hooks.obj
c:\users\hanfangxu\documents\github\phobos-handama\devbuild\intdir\src\ext\technotype\body.obj
c:\users\hanfangxu\documents\github\phobos-handama\devbuild\intdir\src\ext\unit\hooks.jumpjet.obj
c:\users\hanfangxu\documents\github\phobos-handama\devbuild\intdir\src\ext\unit\hooks.disallowmoving.obj
c:\users\hanfangxu\documents\github\phobos-handama\devbuild\intdir\src\ext\unit\hooks.deployfire.obj
c:\users\hanfangxu\documents\github\phobos-handama\devbuild\intdir\src\ext\warheadtype\detonate.obj
c:\users\hanfangxu\documents\github\phobos-handama\devbuild\intdir\src\ext\warheadtype\hooks.obj
c:\users\hanfangxu\documents\github\phobos-handama\devbuild\intdir\src\ext\warheadtype\body.obj
c:\users\hanfangxu\documents\github\phobos-handama\devbuild\intdir\src\ext\tiberium\hooks.obj
c:\users\hanfangxu\documents\github\phobos-handama\devbuild\intdir\src\ext\tiberium\body.obj
c:\users\hanfangxu\documents\github\phobos-handama\devbuild\intdir\src\ext\voxelanimtype\body.obj
c:\users\hanfangxu\documents\github\phobos-handama\devbuild\intdir\src\ext\voxelanim\body.obj
c:\users\hanfangxu\documents\github\phobos-handama\devbuild\intdir\src\ext\voxelanim\hooks.obj
c:\users\hanfangxu\documents\github\phobos-handama\devbuild\intdir\src\ext\weapontype\hooks.obj
c:\users\hanfangxu\documents\github\phobos-handama\devbuild\intdir\src\ext\weapontype\hook.ebolt.obj
c:\users\hanfangxu\documents\github\phobos-handama\devbuild\intdir\src\ext\weapontype\hooks.disklaserradius.obj
c:\users\hanfangxu\documents\github\phobos-handama\devbuild\intdir\src\ext\weapontype\body.obj
c:\users\hanfangxu\documents\github\phobos-handama\devbuild\intdir\src\utilities\stream.obj
c:\users\hanfangxu\documents\github\phobos-handama\devbuild\intdir\src\utilities\debug.obj
c:\users\hanfangxu\documents\github\phobos-handama\devbuild\intdir\src\utilities\generalutils.obj
c:\users\hanfangxu\documents\github\phobos-handama\devbuild\intdir\src\utilities\patch.obj
c:\users\hanfangxu\documents\github\phobos-handama\devbuild\intdir\src\utilities\constructs.obj
c:\users\hanfangxu\documents\github\phobos-handama\devbuild\intdir\src\utilities\swizzle.obj
c:\users\hanfangxu\documents\github\phobos-handama\devbuild\intdir\src\utilities\enumfunctions.obj
c:\users\hanfangxu\documents\github\phobos-handama\devbuild\intdir\src\ext\buildingtype\hooks.obj
c:\users\hanfangxu\documents\github\phobos-handama\devbuild\intdir\src\ext\buildingtype\hooks.upgrade.obj
c:\users\hanfangxu\documents\github\phobos-handama\devbuild\intdir\src\ext\buildingtype\body.obj
c:\users\hanfangxu\documents\github\phobos-handama\devbuild\intdir\yrpp\staticinits.obj
c:\users\hanfangxu\documents\github\phobos-handama\devbuild\intdir\dummy.h.ifc.d.json
c:\users\hanfangxu\documents\github\phobos-handama\devbuild\intdir\phobos.lib
c:\users\hanfangxu\documents\github\phobos-handama\devbuild\intdir\phobos.exp
c:\users\hanfangxu\documents\github\phobos-handama\devbuild\intdir\version.res
c:\users\hanfangxu\documents\github\phobos-handama\devbuild\intdir\dummy.h.module.json
c:\users\hanfangxu\documents\github\phobos-handama\devbuild\intdir\vc141.pdb
c:\users\hanfangxu\documents\github\phobos-handama\devbuild\intdir\phobos.tlog\cl.command.1.tlog
c:\users\hanfangxu\documents\github\phobos-handama\devbuild\intdir\phobos.tlog\link.command.1.tlog
c:\users\hanfangxu\documents\github\phobos-handama\devbuild\intdir\phobos.tlog\link.delete.1.tlog
c:\users\hanfangxu\documents\github\phobos-handama\devbuild\intdir\phobos.tlog\link.read.1.tlog
c:\users\hanfangxu\documents\github\phobos-handama\devbuild\intdir\phobos.tlog\link.write.1.tlog
c:\users\hanfangxu\documents\github\phobos-handama\devbuild\intdir\phobos.tlog\microsoft.build.cpptasks.cl.read.1.tlog
c:\users\hanfangxu\documents\github\phobos-handama\devbuild\intdir\phobos.tlog\microsoft.build.cpptasks.cl.write.1.tlog
c:\users\hanfangxu\documents\github\phobos-handama\devbuild\intdir\phobos.tlog\phobos.write.1u.tlog
c:\users\hanfangxu\documents\github\phobos-handama\devbuild\intdir\phobos.tlog\rc.command.1.tlog
c:\users\hanfangxu\documents\github\phobos-handama\devbuild\intdir\phobos.tlog\rc.read.1.tlog
c:\users\hanfangxu\documents\github\phobos-handama\devbuild\intdir\phobos.tlog\rc.write.1.tlog
c:\users\hanfangxu\documents\github\phobos-handama\devbuild\intdir\phobos_md.tlog\cl.command.1.tlog
c:\users\hanfangxu\documents\github\phobos-handama\devbuild\intdir\phobos_md.tlog\microsoft.build.cpptasks.cl.read.1.tlog
c:\users\hanfangxu\documents\github\phobos-handama\devbuild\intdir\phobos_md.tlog\microsoft.build.cpptasks.cl.write.1.tlog
